D:\Robot\GitHub\Aruco_auto_crop_images_of_objects\VS\VS\x64\Debug\cl.command.1.tlog
D:\Robot\GitHub\Aruco_auto_crop_images_of_objects\VS\VS\x64\Debug\CL.read.1.tlog
D:\Robot\GitHub\Aruco_auto_crop_images_of_objects\VS\VS\x64\Debug\CL.write.1.tlog
D:\ROBOT\GITHUB\ARUCO_AUTO_CROP_IMAGES_OF_OBJECTS\VS\VS\X64\DEBUG\DETECT_MARKERS.OBJ
D:\Robot\GitHub\Aruco_auto_crop_images_of_objects\VS\VS\x64\Debug\link.7640.read.1.tlog
D:\Robot\GitHub\Aruco_auto_crop_images_of_objects\VS\VS\x64\Debug\link.7640.write.1.tlog
D:\Robot\GitHub\Aruco_auto_crop_images_of_objects\VS\VS\x64\Debug\link.7640-cvtres.read.1.tlog
D:\Robot\GitHub\Aruco_auto_crop_images_of_objects\VS\VS\x64\Debug\link.7640-cvtres.write.1.tlog
D:\Robot\GitHub\Aruco_auto_crop_images_of_objects\VS\VS\x64\Debug\link.command.1.tlog
D:\Robot\GitHub\Aruco_auto_crop_images_of_objects\VS\VS\x64\Debug\link.read.1.tlog
D:\Robot\GitHub\Aruco_auto_crop_images_of_objects\VS\VS\x64\Debug\link.write.1.tlog
D:\Robot\GitHub\Aruco_auto_crop_images_of_objects\VS\VS\x64\Debug\link-cvtres.read.1.tlog
D:\Robot\GitHub\Aruco_auto_crop_images_of_objects\VS\VS\x64\Debug\link-cvtres.write.1.tlog
D:\Robot\GitHub\Aruco_auto_crop_images_of_objects\VS\VS\x64\Debug\mt.command.1.tlog
D:\Robot\GitHub\Aruco_auto_crop_images_of_objects\VS\VS\x64\Debug\mt.read.1.tlog
D:\Robot\GitHub\Aruco_auto_crop_images_of_objects\VS\VS\x64\Debug\mt.write.1.tlog
D:\Robot\GitHub\Aruco_auto_crop_images_of_objects\VS\VS\x64\Debug\rc.command.1.tlog
D:\Robot\GitHub\Aruco_auto_crop_images_of_objects\VS\VS\x64\Debug\rc.read.1.tlog
D:\Robot\GitHub\Aruco_auto_crop_images_of_objects\VS\VS\x64\Debug\rc.write.1.tlog
D:\Robot\GitHub\Aruco_auto_crop_images_of_objects\VS\VS\x64\Debug\vc100.idb
D:\ROBOT\GITHUB\ARUCO_AUTO_CROP_IMAGES_OF_OBJECTS\VS\VS\X64\DEBUG\VC100.PDB
D:\ROBOT\GITHUB\ARUCO_AUTO_CROP_IMAGES_OF_OBJECTS\VS\VS\X64\DEBUG\VS.EXE.EMBED.MANIFEST
D:\ROBOT\GITHUB\ARUCO_AUTO_CROP_IMAGES_OF_OBJECTS\VS\VS\X64\DEBUG\VS.EXE.EMBED.MANIFEST.RES
D:\ROBOT\GITHUB\ARUCO_AUTO_CROP_IMAGES_OF_OBJECTS\VS\VS\X64\DEBUG\VS.EXE.INTERMEDIATE.MANIFEST
D:\Robot\GitHub\Aruco_auto_crop_images_of_objects\VS\VS\x64\Debug\VS.vcxprojResolveAssemblyReference.cache
D:\Robot\GitHub\Aruco_auto_crop_images_of_objects\VS\VS\x64\Debug\VS.write.1.tlog
D:\Robot\GitHub\Aruco_auto_crop_images_of_objects\VS\VS\x64\Debug\VS_manifest.rc
D:\ROBOT\GITHUB\ARUCO_AUTO_CROP_IMAGES_OF_OBJECTS\VS\X64\DEBUG\VS.EXE
D:\ROBOT\GITHUB\ARUCO_AUTO_CROP_IMAGES_OF_OBJECTS\VS\X64\DEBUG\VS.ILK
D:\ROBOT\GITHUB\ARUCO_AUTO_CROP_IMAGES_OF_OBJECTS\VS\X64\DEBUG\VS.PDB
