Построение начато 05.02.2017 21:18:11.
     1>Проект "D:\Robot\GitHub\Aruco_auto_crop_images_of_objects\VS\VS\VS.vcxproj" в узле 2 (целевые объекты build).
     1>InitializeBuildStatus:
         Создание "x64\Debug\VS.unsuccessfulbuild", так как было задано "AlwaysCreate".
       ClCompile:
         Для всех выходных данных обновления не требуется.
       ManifestResourceCompile:
         c:\Program Files (x86)\Microsoft SDKs\Windows\v7.0A\bin\rc.exe /nologo /fo"x64\Debug\VS.exe.embed.manifest.res" x64\Debug\VS_manifest.rc 
       Link:
         C:\Program Files (x86)\Microsoft Visual Studio 10.0\VC\bin\x86_amd64\link.exe /ERRORREPORT:PROMPT /OUT:"D:\Robot\GitHub\Aruco_auto_crop_images_of_objects\VS\x64\Debug\VS.exe" /INCREMENTAL /NOLOGO /LIBPATH:"D:\Robot\OpenCV_3.2_build_(64)\bin\Debug" "D:\Robot\OpenCV_3.2_build_(64)\lib\Debug\opencv_aruco320d.lib" "D:\Robot\OpenCV_3.2_build_(64)\lib\Debug\opencv_calib3d320d.lib" "D:\Robot\OpenCV_3.2_build_(64)\lib\Debug\opencv_features2d320d.lib" "D:\Robot\OpenCV_3.2_build_(64)\lib\Debug\opencv_flann320d.lib" "D:\Robot\OpenCV_3.2_build_(64)\lib\Debug\opencv_ml320d.lib" "D:\Robot\OpenCV_3.2_build_(64)\lib\Debug\opencv_highgui320d.lib" "D:\Robot\OpenCV_3.2_build_(64)\lib\Debug\opencv_videoio320d.lib" "D:\Robot\OpenCV_3.2_build_(64)\lib\Debug\opencv_imgcodecs320d.lib" "D:\Robot\OpenCV_3.2_build_(64)\lib\Debug\opencv_imgproc320d.lib" "D:\Robot\OpenCV_3.2_build_(64)\lib\Debug\opencv_core320d.lib" Ws2_32.lib kernel32.lib user32.lib gdi32.lib winspool.lib comdlg32.lib advapi32.lib shell32.lib ole32.lib oleaut32.lib uuid.lib odbc32.lib odbccp32.lib /MANIFEST /ManifestFile:"x64\Debug\VS.exe.intermediate.manifest" /MANIFESTUAC:"level='asInvoker' uiAccess='false'" /DEBUG /PDB:"D:\Robot\GitHub\Aruco_auto_crop_images_of_objects\VS\x64\Debug\VS.pdb" /SUBSYSTEM:CONSOLE /TLBID:1 /DYNAMICBASE /NXCOMPAT /IMPLIB:"D:\Robot\GitHub\Aruco_auto_crop_images_of_objects\VS\x64\Debug\VS.lib" /MACHINE:X64 x64\Debug\VS.exe.embed.manifest.res
         x64\Debug\detect_markers.obj
         LINK : не найден или не выполнена сборка D:\Robot\GitHub\Aruco_auto_crop_images_of_objects\VS\x64\Debug\VS.exe при последней инкрементной компоновке; выполняется полная компоновка
         VS.vcxproj -> D:\Robot\GitHub\Aruco_auto_crop_images_of_objects\VS\x64\Debug\VS.exe
       Manifest:
         c:\Program Files (x86)\Microsoft SDKs\Windows\v7.0A\bin\mt.exe /nologo /verbose /out:"x64\Debug\VS.exe.embed.manifest" /manifest x64\Debug\VS.exe.intermediate.manifest
         Для всех выходных данных обновления не требуется.
       LinkEmbedManifest:
         Для всех выходных данных обновления не требуется.
         VS.vcxproj -> D:\Robot\GitHub\Aruco_auto_crop_images_of_objects\VS\x64\Debug\VS.exe
       FinalizeBuildStatus:
         Файл "x64\Debug\VS.unsuccessfulbuild" удаляется.
         Обращение к "x64\Debug\VS.lastbuildstate".
     1>Построение проекта "D:\Robot\GitHub\Aruco_auto_crop_images_of_objects\VS\VS\VS.vcxproj" завершено (целевые объекты build).

Построение успешно завершено.

Затраченное время: 00:00:01.12
